Build started 8/24/2013 12:32:40 PM.
     1>Project "C:\Users\ASUS\documents\visual studio 2012\Projects\BShip\BShip\BShip.vcxproj" on node 2 (Rebuild target(s)).
     1>ClCompile:
         C:\Program Files (x86)\Microsoft Visual Studio 11.0\VC\bin\CL.exe /c /ZI /nologo /W3 /WX- /Od /Oy- /D _MBCS /Gm /EHsc /RTC1 /MD /GS /fp:precise /Zc:wchar_t /Zc:forScope /Fo"Debug\\" /Fd"Debug\vc110.pdb" /Gd /TP /analyze- /errorReport:prompt Grid.cpp Main.cpp Point.cpp Ship.cpp ThreeMaxLoader.cpp
         ThreeMaxLoader.cpp
     1>c:\users\asus\documents\visual studio 2012\projects\bship\bship\threemaxloader.h(59): warning C4996: 'fopen': This function or variable may be unsafe. Consider using fopen_s instead. To disable deprecation, use _CRT_SECURE_NO_WARNINGS. See online help for details.
                 c:\program files (x86)\microsoft visual studio 11.0\vc\include\stdio.h(218) : see declaration of 'fopen'
     1>c:\users\asus\documents\visual studio 2012\projects\bship\bship\threemaxloader.h(61): warning C4996: 'filelength': The POSIX name for this item is deprecated. Instead, use the ISO C++ conformant name: _filelength. See online help for details.
                 c:\program files (x86)\microsoft visual studio 11.0\vc\include\io.h(310) : see declaration of 'filelength'
     1>c:\users\asus\documents\visual studio 2012\projects\bship\bship\threemaxloader.h(61): warning C4996: 'fileno': The POSIX name for this item is deprecated. Instead, use the ISO C++ conformant name: _fileno. See online help for details.
                 c:\program files (x86)\microsoft visual studio 11.0\vc\include\stdio.h(711) : see declaration of 'fileno'
         Ship.cpp
         Point.cpp
         Main.cpp
     1>c:\users\asus\documents\visual studio 2012\projects\bship\bship\threemaxloader.h(59): warning C4996: 'fopen': This function or variable may be unsafe. Consider using fopen_s instead. To disable deprecation, use _CRT_SECURE_NO_WARNINGS. See online help for details.
                 c:\program files (x86)\microsoft visual studio 11.0\vc\include\stdio.h(218) : see declaration of 'fopen'
     1>c:\users\asus\documents\visual studio 2012\projects\bship\bship\threemaxloader.h(61): warning C4996: 'filelength': The POSIX name for this item is deprecated. Instead, use the ISO C++ conformant name: _filelength. See online help for details.
                 c:\program files (x86)\microsoft visual studio 11.0\vc\include\io.h(310) : see declaration of 'filelength'
     1>c:\users\asus\documents\visual studio 2012\projects\bship\bship\threemaxloader.h(61): warning C4996: 'fileno': The POSIX name for this item is deprecated. Instead, use the ISO C++ conformant name: _fileno. See online help for details.
                 c:\program files (x86)\microsoft visual studio 11.0\vc\include\stdio.h(711) : see declaration of 'fileno'
         Grid.cpp
         Generating Code...
       Link:
         C:\Program Files (x86)\Microsoft Visual Studio 11.0\VC\bin\link.exe /ERRORREPORT:PROMPT /OUT:"C:\Users\ASUS\documents\visual studio 2012\Projects\BShip\Debug\BShip.exe" /INCREMENTAL /NOLOGO opengl32.lib glu32.lib SDL.lib SDLmain.lib SDL_image.lib SDL_ttf.lib SDL_mixer.lib kernel32.lib user32.lib gdi32.lib winspool.lib comdlg32.lib advapi32.lib shell32.lib ole32.lib oleaut32.lib uuid.lib odbc32.lib odbccp32.lib /MANIFEST /MANIFESTUAC:"level='asInvoker' uiAccess='false'" /manifest:embed /DEBUG /PDB:"C:\Users\ASUS\documents\visual studio 2012\Projects\BShip\Debug\BShip.pdb" /SUBSYSTEM:CONSOLE /TLBID:1 /DYNAMICBASE /NXCOMPAT /IMPLIB:"C:\Users\ASUS\documents\visual studio 2012\Projects\BShip\Debug\BShip.lib" /MACHINE:X86 Debug\Grid.obj
         Debug\Main.obj
         Debug\Point.obj
         Debug\Ship.obj
         Debug\ThreeMaxLoader.obj
         BShip.vcxproj -> C:\Users\ASUS\documents\visual studio 2012\Projects\BShip\Debug\BShip.exe
     1>Done Building Project "C:\Users\ASUS\documents\visual studio 2012\Projects\BShip\BShip\BShip.vcxproj" (Rebuild target(s)).

Build succeeded.

Time Elapsed 00:00:03.59
