C:\USERS\ASUS\DOCUMENTS\VISUAL STUDIO 2012\PROJECTS\BSHIP\BSHIP\DEBUG\GRID.OBJ
C:\USERS\ASUS\DOCUMENTS\VISUAL STUDIO 2012\PROJECTS\BSHIP\BSHIP\DEBUG\MAIN.OBJ
C:\USERS\ASUS\DOCUMENTS\VISUAL STUDIO 2012\PROJECTS\BSHIP\BSHIP\DEBUG\POINT.OBJ
C:\USERS\ASUS\DOCUMENTS\VISUAL STUDIO 2012\PROJECTS\BSHIP\BSHIP\DEBUG\SHIP.OBJ
C:\USERS\ASUS\DOCUMENTS\VISUAL STUDIO 2012\PROJECTS\BSHIP\BSHIP\DEBUG\THREEMAXLOADER.OBJ
C:\USERS\ASUS\DOCUMENTS\VISUAL STUDIO 2012\PROJECTS\BSHIP\BSHIP\DEBUG\VC110.PDB
C:\USERS\ASUS\DOCUMENTS\VISUAL STUDIO 2012\PROJECTS\BSHIP\DEBUG\BSHIP.ILK
C:\USERS\ASUS\DOCUMENTS\VISUAL STUDIO 2012\PROJECTS\BSHIP\DEBUG\BSHIP.EXE
C:\USERS\ASUS\DOCUMENTS\VISUAL STUDIO 2012\PROJECTS\BSHIP\DEBUG\BSHIP.PDB
C:\Users\ASUS\documents\visual studio 2012\Projects\BShip\BShip\Debug\Grid.obj
C:\Users\ASUS\documents\visual studio 2012\Projects\BShip\BShip\Debug\Main.obj
C:\Users\ASUS\documents\visual studio 2012\Projects\BShip\BShip\Debug\Point.obj
C:\Users\ASUS\documents\visual studio 2012\Projects\BShip\BShip\Debug\Ship.obj
C:\Users\ASUS\documents\visual studio 2012\Projects\BShip\BShip\Debug\ThreeMaxLoader.obj
C:\Users\ASUS\documents\visual studio 2012\Projects\BShip\BShip\Debug\cl.command.1.tlog
C:\Users\ASUS\documents\visual studio 2012\Projects\BShip\BShip\Debug\CL.read.1.tlog
C:\Users\ASUS\documents\visual studio 2012\Projects\BShip\BShip\Debug\CL.write.1.tlog
C:\Users\ASUS\documents\visual studio 2012\Projects\BShip\BShip\Debug\link-cvtres.read.1.tlog
C:\Users\ASUS\documents\visual studio 2012\Projects\BShip\BShip\Debug\link-cvtres.write.1.tlog
C:\Users\ASUS\documents\visual studio 2012\Projects\BShip\BShip\Debug\link-rc.read.1.tlog
C:\Users\ASUS\documents\visual studio 2012\Projects\BShip\BShip\Debug\link-rc.write.1.tlog
C:\Users\ASUS\documents\visual studio 2012\Projects\BShip\BShip\Debug\link.command.1.tlog
C:\Users\ASUS\documents\visual studio 2012\Projects\BShip\BShip\Debug\link.read.1.tlog
C:\Users\ASUS\documents\visual studio 2012\Projects\BShip\BShip\Debug\link.write.1.tlog
C:\Users\ASUS\documents\visual studio 2012\Projects\BShip\BShip\Debug\vc110.idb
C:\Users\ASUS\documents\visual studio 2012\Projects\BShip\BShip\Debug\vc110.pdb
C:\Users\ASUS\documents\visual studio 2012\Projects\BShip\Debug\BShip.pdb
C:\Users\ASUS\documents\visual studio 2012\Projects\BShip\Debug\BShip.exe
C:\Users\ASUS\documents\visual studio 2012\Projects\BShip\Debug\BShip.ilk
