C:\USERS\ASUS\DOCUMENTS\VISUAL STUDIO 2012\PROJECTS\BSHIP\BSHIP\RELEASE\THREEMAXLOADER.OBJ
C:\USERS\ASUS\DOCUMENTS\VISUAL STUDIO 2012\PROJECTS\BSHIP\BSHIP\RELEASE\SHIP.OBJ
C:\USERS\ASUS\DOCUMENTS\VISUAL STUDIO 2012\PROJECTS\BSHIP\BSHIP\RELEASE\POINT.OBJ
C:\USERS\ASUS\DOCUMENTS\VISUAL STUDIO 2012\PROJECTS\BSHIP\BSHIP\RELEASE\MAIN.OBJ
C:\USERS\ASUS\DOCUMENTS\VISUAL STUDIO 2012\PROJECTS\BSHIP\BSHIP\RELEASE\GRID.OBJ
C:\USERS\ASUS\DOCUMENTS\VISUAL STUDIO 2012\PROJECTS\BSHIP\BSHIP\RELEASE\VC110.PDB
C:\USERS\ASUS\DOCUMENTS\VISUAL STUDIO 2012\PROJECTS\BSHIP\RELEASE\BSHIP.EXE
C:\USERS\ASUS\DOCUMENTS\VISUAL STUDIO 2012\PROJECTS\BSHIP\RELEASE\BSHIP.PDB
C:\Users\ASUS\documents\visual studio 2012\Projects\BShip\BShip\Release\Grid.obj
C:\Users\ASUS\documents\visual studio 2012\Projects\BShip\BShip\Release\Main.obj
C:\Users\ASUS\documents\visual studio 2012\Projects\BShip\BShip\Release\Point.obj
C:\Users\ASUS\documents\visual studio 2012\Projects\BShip\BShip\Release\Ship.obj
C:\Users\ASUS\documents\visual studio 2012\Projects\BShip\BShip\Release\ThreeMaxLoader.obj
C:\Users\ASUS\documents\visual studio 2012\Projects\BShip\BShip\Release\cl.command.1.tlog
C:\Users\ASUS\documents\visual studio 2012\Projects\BShip\BShip\Release\CL.read.1.tlog
C:\Users\ASUS\documents\visual studio 2012\Projects\BShip\BShip\Release\CL.write.1.tlog
C:\Users\ASUS\documents\visual studio 2012\Projects\BShip\BShip\Release\link-cvtres.read.1.tlog
C:\Users\ASUS\documents\visual studio 2012\Projects\BShip\BShip\Release\link-cvtres.write.1.tlog
C:\Users\ASUS\documents\visual studio 2012\Projects\BShip\BShip\Release\link-rc.read.1.tlog
C:\Users\ASUS\documents\visual studio 2012\Projects\BShip\BShip\Release\link-rc.write.1.tlog
C:\Users\ASUS\documents\visual studio 2012\Projects\BShip\BShip\Release\link.command.1.tlog
C:\Users\ASUS\documents\visual studio 2012\Projects\BShip\BShip\Release\link.read.1.tlog
C:\Users\ASUS\documents\visual studio 2012\Projects\BShip\BShip\Release\link.write.1.tlog
C:\Users\ASUS\documents\visual studio 2012\Projects\BShip\BShip\Release\vc110.pdb
C:\Users\ASUS\documents\visual studio 2012\Projects\BShip\Release\BShip.pdb
C:\Users\ASUS\documents\visual studio 2012\Projects\BShip\Release\BShip.exe
