Build started 8/24/2013 5:36:55 PM.
     1>Project "C:\Users\ASUS\documents\visual studio 2012\Projects\BShip\BShip\BShip.vcxproj" on node 2 (Build target(s)).
     1>ClCompile:
         C:\Program Files (x86)\Microsoft Visual Studio 11.0\VC\bin\CL.exe /c /Zi /nologo /W3 /WX- /O2 /Oi /Oy- /GL /D _MBCS /Gm- /EHsc /MD /GS /Gy /fp:precise /Zc:wchar_t /Zc:forScope /Fo"Release\\" /Fd"Release\vc110.pdb" /Gd /TP /analyze- /errorReport:prompt Main.cpp
         Main.cpp
     1>c:\users\asus\documents\visual studio 2012\projects\bship\bship\ThreeMaxLoader.h(59): warning C4996: 'fopen': This function or variable may be unsafe. Consider using fopen_s instead. To disable deprecation, use _CRT_SECURE_NO_WARNINGS. See online help for details.
                 C:\Program Files (x86)\Microsoft Visual Studio 11.0\VC\include\stdio.h(218) : see declaration of 'fopen'
     1>c:\users\asus\documents\visual studio 2012\projects\bship\bship\ThreeMaxLoader.h(61): warning C4996: 'filelength': The POSIX name for this item is deprecated. Instead, use the ISO C++ conformant name: _filelength. See online help for details.
                 C:\Program Files (x86)\Microsoft Visual Studio 11.0\VC\include\io.h(310) : see declaration of 'filelength'
     1>c:\users\asus\documents\visual studio 2012\projects\bship\bship\ThreeMaxLoader.h(61): warning C4996: 'fileno': The POSIX name for this item is deprecated. Instead, use the ISO C++ conformant name: _fileno. See online help for details.
                 C:\Program Files (x86)\Microsoft Visual Studio 11.0\VC\include\stdio.h(711) : see declaration of 'fileno'
       Link:
         C:\Program Files (x86)\Microsoft Visual Studio 11.0\VC\bin\link.exe /ERRORREPORT:PROMPT /OUT:"C:\Users\ASUS\documents\visual studio 2012\Projects\BShip\Release\BShip.exe" /NOLOGO opengl32.lib glu32.lib SDL.lib SDLmain.lib SDL_image.lib SDL_ttf.lib SDL_mixer.lib kernel32.lib user32.lib gdi32.lib winspool.lib comdlg32.lib advapi32.lib shell32.lib ole32.lib oleaut32.lib uuid.lib odbc32.lib odbccp32.lib /MANIFEST /MANIFESTUAC:"level='asInvoker' uiAccess='false'" /manifest:embed /DEBUG /PDB:"C:\Users\ASUS\documents\visual studio 2012\Projects\BShip\Release\BShip.pdb" /SUBSYSTEM:WINDOWS /OPT:REF /OPT:ICF /LTCG /TLBID:1 /DYNAMICBASE /NXCOMPAT /IMPLIB:"C:\Users\ASUS\documents\visual studio 2012\Projects\BShip\Release\BShip.lib" /MACHINE:X86 /SAFESEH Release\Grid.obj
         Release\Main.obj
         Release\Point.obj
         Release\Ship.obj
         Release\ThreeMaxLoader.obj
         Generating code
         Finished generating code
         BShip.vcxproj -> C:\Users\ASUS\documents\visual studio 2012\Projects\BShip\Release\BShip.exe
     1>Done Building Project "C:\Users\ASUS\documents\visual studio 2012\Projects\BShip\BShip\BShip.vcxproj" (Build target(s)).

Build succeeded.

Time Elapsed 00:00:15.19
